<?xml version="1.0" encoding="UTF-8"?>
<testsuite name="Test_Selenium_Junit" tests="1" skipped="0" failures="0" errors="0" timestamp="2021-08-31T09:24:41" hostname="PAVEL" time="27.844">
  <properties/>
  <testcase name="checkifElementExist" classname="Test_Selenium_Junit" time="27.844"/>
  <system-out><![CDATA[]]></system-out>
  <system-err><![CDATA[1630401883405	geckodriver	INFO	Listening on 127.0.0.1:15974
1630401884498	mozrunner::runner	INFO	Running command: "C:\\Program Files (x86)\\Mozilla Firefox\\firefox.exe" "--marionette" "--headed" "-foreground" "-no-remote" "-profile" "C:\\Users\\Pavel12\\AppData\\Local\\Temp\\rust_mozprofileQdhfws"
1630401885478	Marionette	INFO	Marionette enabled
console.warn: SearchSettings: "get: No settings file exists, new profile?" (new NotFoundError("Could not open the file at C:\\Users\\Pavel12\\AppData\\Local\\Temp\\rust_mozprofileQdhfws\\search.json.mozlz4", (void 0)))
1630401892649	Marionette	INFO	Listening on port 13900
1630401892777	RemoteAgent	WARN	TLS certificate errors will be ignored for this session
Aug 31, 2021 3:24:52 PM org.openqa.selenium.remote.ProtocolHandshake createSession
INFO: Detected dialect: W3C
1630401907524	Marionette	INFO	Stopped listening on port 13900
JavaScript error: resource:///modules/Interactions.jsm, line 209: NS_ERROR_FAILURE: Component returned failure code: 0x80004005 (NS_ERROR_FAILURE) [nsIUserIdleService.removeIdleObserver]
]]></system-err>
</testsuite>
